<?xml version="1.0" encoding="UTF-8"?>
<!-- Generated by org.testng.reporters.JUnitReportReporter -->
<testsuite hostname="ASY-WIN10-74" failures="0" tests="2" name="runner.TestRunner" time="20.154" errors="0" timestamp="2021-04-23T16:34:04 NZST" skipped="0">
  <testcase classname="runner.TestRunner" name="runScenario" time="9.213"/>
  <system-out/>
  <testcase classname="runner.TestRunner" name="runScenario" time="10.941"/>
  <system-out/>
</testsuite> <!-- runner.TestRunner -->
